c:\users\yoshi\downloads\sample_cm\sample_cm\debug\vc142.pdb
c:\users\yoshi\downloads\sample_cm\sample_cm\debug\vc142.idb
c:\users\yoshi\downloads\sample_cm\sample_cm\debug\cm001.obj
c:\users\yoshi\downloads\sample_cm\sample_cm\debug\ex.obj
c:\users\yoshi\downloads\sample_cm\sample_cm\debug\measurement.obj
c:\users\yoshi\downloads\sample_cm\sample_cm\debug\motorcontroller.obj
c:\users\yoshi\downloads\sample_cm\sample_cm\debug\sc02.obj
c:\users\yoshi\downloads\sample_cm\sample_cm\debug\server.obj
c:\users\yoshi\desktop\sample_cm_unitysend\debug\vc142.pdb
c:\users\yoshi\desktop\sample_cm_unitysend\debug\vc142.idb
c:\users\yoshi\desktop\sample_cm_unitysend\debug\cm001.obj
c:\users\yoshi\desktop\sample_cm_unitysend\debug\ex.obj
c:\users\yoshi\desktop\sample_cm_unitysend\debug\measurement.obj
c:\users\yoshi\desktop\sample_cm_unitysend\debug\motorcontroller.obj
c:\users\yoshi\desktop\sample_cm_unitysend\debug\sc02.obj
c:\users\yoshi\desktop\sample_cm_unitysend\debug\server.obj
c:\users\yoshi\downloads\sample_cm\sample_cm\debug\ex.exe
c:\users\yoshi\downloads\sample_cm\sample_cm\debug\ex.ilk
c:\users\yoshi\downloads\sample_cm\sample_cm\debug\ex.pdb
c:\users\yoshi\desktop\sample_cm_unitysend\debug\ex.exe
c:\users\yoshi\desktop\sample_cm_unitysend\debug\ex.ilk
c:\users\yoshi\desktop\sample_cm_unitysend\debug\ex.pdb
c:\users\yoshi\desktop\sample_cm_unitysend\debug\ex.tlog\cl.command.1.tlog
c:\users\yoshi\desktop\sample_cm_unitysend\debug\ex.tlog\cl.read.1.tlog
c:\users\yoshi\desktop\sample_cm_unitysend\debug\ex.tlog\cl.write.1.tlog
c:\users\yoshi\desktop\sample_cm_unitysend\debug\ex.tlog\link.command.1.tlog
c:\users\yoshi\desktop\sample_cm_unitysend\debug\ex.tlog\link.read.1.tlog
c:\users\yoshi\desktop\sample_cm_unitysend\debug\ex.tlog\link.write.1.tlog
